This file contains any messages produced by compilers while
running configure, to aid debugging if configure makes a mistake.

It was created by NHocr configure 0.22, which was
generated by GNU Autoconf 2.69.  Invocation command line was

  $ ./configure --prefix=/opt/nhocr/0.22 --enable-gramd

## --------- ##
## Platform. ##
## --------- ##

hostname = sakura
uname -m = x86_64
uname -r = 3.7.10-1.40-desktop
uname -s = Linux
uname -v = #1 SMP PREEMPT Thu Jul 10 11:22:12 UTC 2014 (9b06319)

/usr/bin/uname -p = x86_64
/bin/uname -X     = unknown

/bin/arch              = x86_64
/usr/bin/arch -k       = unknown
/usr/convex/getsysinfo = unknown
/usr/bin/hostinfo      = unknown
/bin/machine           = unknown
/usr/bin/oslevel       = unknown
/bin/universe          = unknown

PATH: /usr/local/gcc4/bin
PATH: /usr/local/bin
PATH: /usr/bin
PATH: /sbin
PATH: /usr/sbin
PATH: /usr/X11R6/bin
PATH: /bin
PATH: /usr/games
PATH: /opt/gnome/bin
PATH: /opt/kde3/bin
PATH: /usr/lib/java/jre/bin
PATH: /home/hgot/O2/x86_64-pc-linux/bin
PATH: /home/hgot/O2/DARsys/bin/linux-x86_64


## ----------- ##
## Core tests. ##
## ----------- ##

configure:1909: loading site script /usr/share/site/x86_64-unknown-linux-gnu
| #!/bin/sh
| # Site script for configure. It is resourced via $CONFIG_SITE environment varaible.
| 
| # If user did not specify libdir, guess the correct target:
| # Use lib64 for 64 bit bi-arch targets, keep the default for the rest.
| if test "$libdir" = '${exec_prefix}/lib' ; then
| 
| 	ac_config_site_64bit_host=NONE
| 
| 	case "$host" in
| 	"" )
| 		# User did not specify host target.
| 		# The native platform x86_64 is a bi-arch platform.
| 		# Try to detect cross-compilation to inferior architecture.
| 
| 		# We are trying to guess 32-bit target compilation. It's not as easy as
| 		# it sounds, as there is possible several intermediate combinations.
| 		ac_config_site_cross_to_32bit_host=NONE
| 
| 		# User defined -m32 in CFLAGS or CXXFLAGS:
| 		# (It's sufficient for 32-bit, but alone may cause mis-behavior of some checks.)
| 		case "$CFLAGS" in
| 		*-m32*)
| 			ac_config_site_cross_to_32bit_host=YES
| 			;;
| 		esac
| 		case "$CXXFLAGS" in
| 		*-m32*)
| 			ac_config_site_cross_to_32bit_host=YES
| 			;;
| 		esac
| 
| 		# Running with linux32:
| 		# (Changes detected platform, but not the toolchain target.)
| 		case "`/bin/uname -i`" in
| 		x86_64 | ppc64 | s390x )
| 			;;
| 		* )
| 			ac_config_site_cross_to_32bit_host=YES
| 			;;
| 		esac
| 
| 		if test "x$ac_config_site_cross_to_32bit_host" = xNONE; then
| 			ac_config_site_64bit_host=YES
| 		fi
| 
| 		;;
| 	*x86_64* | *ppc64* | *s390x* )
| 		ac_config_site_64bit_host=YES
| 		;;
| 	esac
| 
| 	if test "x$ac_config_site_64bit_host" = xYES; then
| 		libdir='${exec_prefix}/lib64'
| 	fi
| fi
| 
| # If user did not specify libexecdir, set the correct target:
| # Nor FHS nor openSUSE allow prefix/libexec. Let's default to prefix/lib.
| 
| if test "$libexecdir" = '${exec_prefix}/libexec' ; then
| 	libexecdir='${exec_prefix}/lib'
| fi
| 
| # Continue with the standard behavior of configure defined in AC_SITE_LOAD:
| if test "x$prefix" != xNONE; then
| 	ac_site_file1=$prefix/share/config.site
| 	ac_site_file2=$prefix/etc/config.site
| else
| 	ac_site_file1=$ac_default_prefix/share/config.site
| 	ac_site_file2=$ac_default_prefix/etc/config.site
| fi
| for ac_site_file in "$ac_site_file1" "$ac_site_file2"
| do
| 	test "x$ac_site_file" = xNONE && continue
| 	if test /dev/null != "$ac_site_file" && test -r "$ac_site_file"; then
| 		{ $as_echo "/usr/share/site/x86_64-unknown-linux-gnu:${as_lineno-$LINENO}: loading site script $ac_site_file" >&5
| $as_echo "/usr/share/site/x86_64-unknown-linux-gnu: loading site script $ac_site_file" >&6;}
| 		sed 's/^/| /' "$ac_site_file" >&5
| 		. "$ac_site_file" \
| 			|| { { $as_echo "/usr/share/site/x86_64-unknown-linux-gnu:${as_lineno-$LINENO}: error: in \`$ac_pwd':" >&5
| $as_echo "/usr/share/site/x86_64-unknown-linux-gnu: error: in \`$ac_pwd':" >&2;}
| as_fn_error $? "failed to load site script $ac_site_file
| See \`config.log' for more details" "$LINENO" 5; }
| 	fi
| done
configure:2053: checking for a BSD-compatible install
configure:2121: result: /usr/bin/install -c
configure:2132: checking whether build environment is sane
configure:2187: result: yes
configure:2338: checking for a thread-safe mkdir -p
configure:2377: result: /usr/bin/mkdir -p
configure:2384: checking for gawk
configure:2400: found /usr/bin/gawk
configure:2411: result: gawk
configure:2422: checking whether make sets $(MAKE)
configure:2444: result: yes
configure:2602: checking for gcc
configure:2618: found /usr/bin/gcc
configure:2629: result: gcc
configure:2858: checking for C compiler version
configure:2867: gcc --version >&5
gcc (SUSE Linux) 4.7.2 20130108 [gcc-4_7-branch revision 195012]
Copyright (C) 2012 Free Software Foundation, Inc.
This is free software; see the source for copying conditions.  There is NO
warranty; not even for MERCHANTABILITY or FITNESS FOR A PARTICULAR PURPOSE.

configure:2878: $? = 0
configure:2867: gcc -v >&5
Using built-in specs.
COLLECT_GCC=gcc
COLLECT_LTO_WRAPPER=/usr/lib64/gcc/x86_64-suse-linux/4.7/lto-wrapper
Target: x86_64-suse-linux
Configured with: ../configure --prefix=/usr --infodir=/usr/share/info --mandir=/usr/share/man --libdir=/usr/lib64 --libexecdir=/usr/lib64 --enable-languages=c,c++,objc,fortran,obj-c++,java,ada --enable-checking=release --with-gxx-include-dir=/usr/include/c++/4.7 --enable-ssp --disable-libssp --disable-libitm --disable-plugin --with-bugurl=http://bugs.opensuse.org/ --with-pkgversion='SUSE Linux' --disable-libgcj --disable-libmudflap --with-slibdir=/lib64 --with-system-zlib --enable-__cxa_atexit --enable-libstdcxx-allocator=new --disable-libstdcxx-pch --enable-version-specific-runtime-libs --enable-linker-build-id --program-suffix=-4.7 --enable-linux-futex --without-system-libunwind --with-arch-32=i586 --with-tune=generic --build=x86_64-suse-linux
Thread model: posix
gcc version 4.7.2 20130108 [gcc-4_7-branch revision 195012] (SUSE Linux) 
configure:2878: $? = 0
configure:2867: gcc -V >&5
gcc: error: unrecognized command line option '-V'
gcc: fatal error: no input files
compilation terminated.
configure:2878: $? = 1
configure:2867: gcc -qversion >&5
gcc: error: unrecognized command line option '-qversion'
gcc: fatal error: no input files
compilation terminated.
configure:2878: $? = 1
configure:2898: checking whether the C compiler works
configure:2920: gcc -O3 --unroll-loops  -DDICDIR=\"${datarootdir}\"  conftest.c  >&5
<command-line>:0:9: warning: missing terminating " character [enabled by default]
configure:2924: $? = 0
configure:2972: result: yes
configure:2975: checking for C compiler default output file name
configure:2977: result: a.out
configure:2983: checking for suffix of executables
configure:2990: gcc -o conftest -O3 --unroll-loops  -DDICDIR=\"${datarootdir}\"  conftest.c  >&5
<command-line>:0:9: warning: missing terminating " character [enabled by default]
configure:2994: $? = 0
configure:3016: result: 
configure:3038: checking whether we are cross compiling
configure:3046: gcc -o conftest -O3 --unroll-loops  -DDICDIR=\"${datarootdir}\"  conftest.c  >&5
<command-line>:0:9: warning: missing terminating " character [enabled by default]
configure:3050: $? = 0
configure:3057: ./conftest
configure:3061: $? = 0
configure:3076: result: no
configure:3081: checking for suffix of object files
configure:3103: gcc -c -O3 --unroll-loops  -DDICDIR=\"${datarootdir}\" conftest.c >&5
<command-line>:0:9: warning: missing terminating " character [enabled by default]
configure:3107: $? = 0
configure:3128: result: o
configure:3132: checking whether we are using the GNU C compiler
configure:3151: gcc -c -O3 --unroll-loops  -DDICDIR=\"${datarootdir}\" conftest.c >&5
<command-line>:0:9: warning: missing terminating " character [enabled by default]
configure:3151: $? = 0
configure:3160: result: yes
configure:3169: checking whether gcc accepts -g
configure:3189: gcc -c -g  -DDICDIR=\"${datarootdir}\" conftest.c >&5
<command-line>:0:9: warning: missing terminating " character [enabled by default]
configure:3189: $? = 0
configure: failed program was:
| /* confdefs.h */
| #define PACKAGE_NAME "NHocr"
| #define PACKAGE_TARNAME "nhocr"
| #define PACKAGE_VERSION "0.22"
| #define PACKAGE_STRING "NHocr 0.22"
| #define PACKAGE_BUGREPORT "http://www.imglab.org/"
| #define PACKAGE_URL ""
| #define PACKAGE "nhocr"
| #define VERSION "0.22"
| #define HAVE_LIBGRAMDCLIENT 1
| /* end confdefs.h.  */
| 
| int
| main ()
| {
| 
|   ;
|   return 0;
| }
configure:3204: gcc -c   -DDICDIR=\"${datarootdir}\" conftest.c >&5
<command-line>:0:9: warning: missing terminating " character [enabled by default]
configure:3204: $? = 0
configure: failed program was:
| /* confdefs.h */
| #define PACKAGE_NAME "NHocr"
| #define PACKAGE_TARNAME "nhocr"
| #define PACKAGE_VERSION "0.22"
| #define PACKAGE_STRING "NHocr 0.22"
| #define PACKAGE_BUGREPORT "http://www.imglab.org/"
| #define PACKAGE_URL ""
| #define PACKAGE "nhocr"
| #define VERSION "0.22"
| #define HAVE_LIBGRAMDCLIENT 1
| /* end confdefs.h.  */
| 
| int
| main ()
| {
| 
|   ;
|   return 0;
| }
configure:3220: gcc -c -g  -DDICDIR=\"${datarootdir}\" conftest.c >&5
<command-line>:0:9: warning: missing terminating " character [enabled by default]
configure:3220: $? = 0
configure:3230: result: yes
configure:3247: checking for gcc option to accept ISO C89
configure:3310: gcc  -c -O3 --unroll-loops  -DDICDIR=\"${datarootdir}\" conftest.c >&5
<command-line>:0:9: warning: missing terminating " character [enabled by default]
configure:3310: $? = 0
configure:3323: result: none needed
configure:3354: checking for style of include used by make
configure:3382: result: GNU
configure:3408: checking dependency style of gcc
configure:3519: result: gcc3
configure:3592: checking for g++
configure:3608: found /usr/bin/g++
configure:3619: result: g++
configure:3646: checking for C++ compiler version
configure:3655: g++ --version >&5
g++ (SUSE Linux) 4.7.2 20130108 [gcc-4_7-branch revision 195012]
Copyright (C) 2012 Free Software Foundation, Inc.
This is free software; see the source for copying conditions.  There is NO
warranty; not even for MERCHANTABILITY or FITNESS FOR A PARTICULAR PURPOSE.

configure:3666: $? = 0
configure:3655: g++ -v >&5
Using built-in specs.
COLLECT_GCC=g++
COLLECT_LTO_WRAPPER=/usr/lib64/gcc/x86_64-suse-linux/4.7/lto-wrapper
Target: x86_64-suse-linux
Configured with: ../configure --prefix=/usr --infodir=/usr/share/info --mandir=/usr/share/man --libdir=/usr/lib64 --libexecdir=/usr/lib64 --enable-languages=c,c++,objc,fortran,obj-c++,java,ada --enable-checking=release --with-gxx-include-dir=/usr/include/c++/4.7 --enable-ssp --disable-libssp --disable-libitm --disable-plugin --with-bugurl=http://bugs.opensuse.org/ --with-pkgversion='SUSE Linux' --disable-libgcj --disable-libmudflap --with-slibdir=/lib64 --with-system-zlib --enable-__cxa_atexit --enable-libstdcxx-allocator=new --disable-libstdcxx-pch --enable-version-specific-runtime-libs --enable-linker-build-id --program-suffix=-4.7 --enable-linux-futex --without-system-libunwind --with-arch-32=i586 --with-tune=generic --build=x86_64-suse-linux
Thread model: posix
gcc version 4.7.2 20130108 [gcc-4_7-branch revision 195012] (SUSE Linux) 
configure:3666: $? = 0
configure:3655: g++ -V >&5
g++: error: unrecognized command line option '-V'
g++: fatal error: no input files
compilation terminated.
configure:3666: $? = 1
configure:3655: g++ -qversion >&5
g++: error: unrecognized command line option '-qversion'
g++: fatal error: no input files
compilation terminated.
configure:3666: $? = 1
configure:3670: checking whether we are using the GNU C++ compiler
configure:3689: g++ -c -O3 --unroll-loops  -DDICDIR=\"${datarootdir}\" conftest.cpp >&5
<command-line>:0:9: warning: missing terminating " character [enabled by default]
configure:3689: $? = 0
configure:3698: result: yes
configure:3707: checking whether g++ accepts -g
configure:3727: g++ -c -g  -DDICDIR=\"${datarootdir}\" conftest.cpp >&5
<command-line>:0:9: warning: missing terminating " character [enabled by default]
configure:3727: $? = 0
configure: failed program was:
| /* confdefs.h */
| #define PACKAGE_NAME "NHocr"
| #define PACKAGE_TARNAME "nhocr"
| #define PACKAGE_VERSION "0.22"
| #define PACKAGE_STRING "NHocr 0.22"
| #define PACKAGE_BUGREPORT "http://www.imglab.org/"
| #define PACKAGE_URL ""
| #define PACKAGE "nhocr"
| #define VERSION "0.22"
| #define HAVE_LIBGRAMDCLIENT 1
| /* end confdefs.h.  */
| 
| int
| main ()
| {
| 
|   ;
|   return 0;
| }
configure:3742: g++ -c   -DDICDIR=\"${datarootdir}\" conftest.cpp >&5
<command-line>:0:9: warning: missing terminating " character [enabled by default]
configure:3742: $? = 0
configure: failed program was:
| /* confdefs.h */
| #define PACKAGE_NAME "NHocr"
| #define PACKAGE_TARNAME "nhocr"
| #define PACKAGE_VERSION "0.22"
| #define PACKAGE_STRING "NHocr 0.22"
| #define PACKAGE_BUGREPORT "http://www.imglab.org/"
| #define PACKAGE_URL ""
| #define PACKAGE "nhocr"
| #define VERSION "0.22"
| #define HAVE_LIBGRAMDCLIENT 1
| /* end confdefs.h.  */
| 
| int
| main ()
| {
| 
|   ;
|   return 0;
| }
configure:3758: g++ -c -g  -DDICDIR=\"${datarootdir}\" conftest.cpp >&5
<command-line>:0:9: warning: missing terminating " character [enabled by default]
configure:3758: $? = 0
configure:3768: result: yes
configure:3793: checking dependency style of g++
configure:3904: result: gcc3
configure:3962: checking for ranlib
configure:3978: found /usr/bin/ranlib
configure:3989: result: ranlib
configure:4018: checking how to run the C preprocessor
configure:4049: gcc -E  -DDICDIR=\"${datarootdir}\" conftest.c
<command-line>:0:9: warning: missing terminating " character [enabled by default]
configure:4049: $? = 0
configure:4063: gcc -E  -DDICDIR=\"${datarootdir}\" conftest.c
<command-line>:0:9: warning: missing terminating " character [enabled by default]
conftest.c:12:28: fatal error: ac_nonexistent.h: No such file or directory
compilation terminated.
configure:4063: $? = 1
configure: failed program was:
| /* confdefs.h */
| #define PACKAGE_NAME "NHocr"
| #define PACKAGE_TARNAME "nhocr"
| #define PACKAGE_VERSION "0.22"
| #define PACKAGE_STRING "NHocr 0.22"
| #define PACKAGE_BUGREPORT "http://www.imglab.org/"
| #define PACKAGE_URL ""
| #define PACKAGE "nhocr"
| #define VERSION "0.22"
| #define HAVE_LIBGRAMDCLIENT 1
| /* end confdefs.h.  */
| #include <ac_nonexistent.h>
configure:4088: result: gcc -E
configure:4108: gcc -E  -DDICDIR=\"${datarootdir}\" conftest.c
<command-line>:0:9: warning: missing terminating " character [enabled by default]
configure:4108: $? = 0
configure:4122: gcc -E  -DDICDIR=\"${datarootdir}\" conftest.c
<command-line>:0:9: warning: missing terminating " character [enabled by default]
conftest.c:12:28: fatal error: ac_nonexistent.h: No such file or directory
compilation terminated.
configure:4122: $? = 1
configure: failed program was:
| /* confdefs.h */
| #define PACKAGE_NAME "NHocr"
| #define PACKAGE_TARNAME "nhocr"
| #define PACKAGE_VERSION "0.22"
| #define PACKAGE_STRING "NHocr 0.22"
| #define PACKAGE_BUGREPORT "http://www.imglab.org/"
| #define PACKAGE_URL ""
| #define PACKAGE "nhocr"
| #define VERSION "0.22"
| #define HAVE_LIBGRAMDCLIENT 1
| /* end confdefs.h.  */
| #include <ac_nonexistent.h>
configure:4151: checking for X
configure:4259: gcc -E  -DDICDIR=\"${datarootdir}\" conftest.c
<command-line>:0:9: warning: missing terminating " character [enabled by default]
configure:4259: $? = 0
configure:4290: gcc -o conftest -O3 --unroll-loops  -DDICDIR=\"${datarootdir}\"  conftest.c -lX11  >&5
<command-line>:0:9: warning: missing terminating " character [enabled by default]
configure:4290: $? = 0
configure:4340: result: libraries , headers 
configure:4439: gcc -o conftest -O3 --unroll-loops  -DDICDIR=\"${datarootdir}\"  conftest.c   -lX11 >&5
<command-line>:0:9: warning: missing terminating " character [enabled by default]
configure:4439: $? = 0
configure:4537: checking for gethostbyname
configure:4537: gcc -o conftest -O3 --unroll-loops  -DDICDIR=\"${datarootdir}\"  conftest.c  >&5
<command-line>:0:9: warning: missing terminating " character [enabled by default]
configure:4537: $? = 0
configure:4537: result: yes
configure:4634: checking for connect
configure:4634: gcc -o conftest -O3 --unroll-loops  -DDICDIR=\"${datarootdir}\"  conftest.c  >&5
<command-line>:0:9: warning: missing terminating " character [enabled by default]
configure:4634: $? = 0
configure:4634: result: yes
configure:4683: checking for remove
configure:4683: gcc -o conftest -O3 --unroll-loops  -DDICDIR=\"${datarootdir}\"  conftest.c  >&5
<command-line>:0:9: warning: missing terminating " character [enabled by default]
configure:4683: $? = 0
configure:4683: result: yes
configure:4732: checking for shmat
configure:4732: gcc -o conftest -O3 --unroll-loops  -DDICDIR=\"${datarootdir}\"  conftest.c  >&5
<command-line>:0:9: warning: missing terminating " character [enabled by default]
configure:4732: $? = 0
configure:4732: result: yes
configure:4790: checking for IceConnectionNumber in -lICE
configure:4815: gcc -o conftest -O3 --unroll-loops  -DDICDIR=\"${datarootdir}\"  conftest.c -lICE   >&5
<command-line>:0:9: warning: missing terminating " character [enabled by default]
/usr/lib64/gcc/x86_64-suse-linux/4.7/../../../../x86_64-suse-linux/bin/ld: cannot find -lICE
collect2: error: ld returned 1 exit status
configure:4815: $? = 1
configure: failed program was:
| /* confdefs.h */
| #define PACKAGE_NAME "NHocr"
| #define PACKAGE_TARNAME "nhocr"
| #define PACKAGE_VERSION "0.22"
| #define PACKAGE_STRING "NHocr 0.22"
| #define PACKAGE_BUGREPORT "http://www.imglab.org/"
| #define PACKAGE_URL ""
| #define PACKAGE "nhocr"
| #define VERSION "0.22"
| #define HAVE_LIBGRAMDCLIENT 1
| /* end confdefs.h.  */
| 
| /* Override any GCC internal prototype to avoid an error.
|    Use char because int might match the return type of a GCC
|    builtin and then its argument prototype would still apply.  */
| #ifdef __cplusplus
| extern "C"
| #endif
| char IceConnectionNumber ();
| int
| main ()
| {
| return IceConnectionNumber ();
|   ;
|   return 0;
| }
configure:4824: result: no
configure:5013: checking that generated files are newer than configure
configure:5019: result: done
configure:5050: creating ./config.status

## ---------------------- ##
## Running config.status. ##
## ---------------------- ##

This file was extended by NHocr config.status 0.22, which was
generated by GNU Autoconf 2.69.  Invocation command line was

  CONFIG_FILES    = 
  CONFIG_HEADERS  = 
  CONFIG_LINKS    = 
  CONFIG_COMMANDS = 
  $ ./config.status 

on sakura

config.status:797: creating Makefile
config.status:797: creating O2-tools/libsrc/Makefile
config.status:797: creating O2-tools/libsrc/libimgo/Makefile
config.status:797: creating O2-tools/libsrc/libsgp/Makefile
config.status:797: creating O2-tools/libsrc/libufp/Makefile
config.status:797: creating O2-tools/libsrc/objgrp/Makefile
config.status:797: creating O2-tools/libsrc/siplib/Makefile
config.status:797: creating O2-tools/libsrc/xiplib/Makefile
config.status:797: creating nhocr/Makefile
config.status:797: creating include/Makefile
config.status:797: creating libnhocr/Makefile
config.status:797: creating dic/Makefile
config.status:797: creating makechar/Makefile
config.status:797: creating makevec/Makefile
config.status:797: creating makedic/Makefile
config.status:969: executing depfiles commands

## ---------------- ##
## Cache variables. ##
## ---------------- ##

ac_cv_c_compiler_gnu=yes
ac_cv_cxx_compiler_gnu=yes
ac_cv_env_CCC_set=
ac_cv_env_CCC_value=
ac_cv_env_CC_set=
ac_cv_env_CC_value=
ac_cv_env_CFLAGS_set=
ac_cv_env_CFLAGS_value=
ac_cv_env_CPPFLAGS_set=
ac_cv_env_CPPFLAGS_value=
ac_cv_env_CPP_set=
ac_cv_env_CPP_value=
ac_cv_env_CXXFLAGS_set=
ac_cv_env_CXXFLAGS_value=
ac_cv_env_CXX_set=
ac_cv_env_CXX_value=
ac_cv_env_LDFLAGS_set=
ac_cv_env_LDFLAGS_value=
ac_cv_env_LIBS_set=
ac_cv_env_LIBS_value=
ac_cv_env_XMKMF_set=
ac_cv_env_XMKMF_value=
ac_cv_env_build_alias_set=
ac_cv_env_build_alias_value=
ac_cv_env_host_alias_set=
ac_cv_env_host_alias_value=
ac_cv_env_target_alias_set=
ac_cv_env_target_alias_value=
ac_cv_func_connect=yes
ac_cv_func_gethostbyname=yes
ac_cv_func_remove=yes
ac_cv_func_shmat=yes
ac_cv_have_x='have_x=yes	ac_x_includes='\'''\''	ac_x_libraries='\'''\'''
ac_cv_lib_ICE_IceConnectionNumber=no
ac_cv_objext=o
ac_cv_path_install='/usr/bin/install -c'
ac_cv_path_mkdir=/usr/bin/mkdir
ac_cv_prog_AWK=gawk
ac_cv_prog_CPP='gcc -E'
ac_cv_prog_ac_ct_CC=gcc
ac_cv_prog_ac_ct_CXX=g++
ac_cv_prog_ac_ct_RANLIB=ranlib
ac_cv_prog_cc_c89=
ac_cv_prog_cc_g=yes
ac_cv_prog_cxx_g=yes
ac_cv_prog_make_make_set=yes
am_cv_CC_dependencies_compiler_type=gcc3
am_cv_CXX_dependencies_compiler_type=gcc3

## ----------------- ##
## Output variables. ##
## ----------------- ##

ACLOCAL='${SHELL} /home/hgot/src/nhocr/nhocr-0.22/missing --run aclocal-1.12'
AMDEPBACKSLASH='\'
AMDEP_FALSE='#'
AMDEP_TRUE=''
AMTAR='$${TAR-tar}'
AUTOCONF='${SHELL} /home/hgot/src/nhocr/nhocr-0.22/missing --run autoconf'
AUTOHEADER='${SHELL} /home/hgot/src/nhocr/nhocr-0.22/missing --run autoheader'
AUTOMAKE='${SHELL} /home/hgot/src/nhocr/nhocr-0.22/missing --run automake-1.12'
AWK='gawk'
BUILD_GRAMDC_FALSE='#'
BUILD_GRAMDC_TRUE=''
CC='gcc'
CCDEPMODE='depmode=gcc3'
CFLAGS='-O3 --unroll-loops'
CPP='gcc -E'
CPPFLAGS=' -DDICDIR=\"${datarootdir}\"'
CXX='g++'
CXXDEPMODE='depmode=gcc3'
CXXFLAGS='-O3 --unroll-loops'
CYGPATH_W='echo'
DEFS='-DPACKAGE_NAME=\"NHocr\" -DPACKAGE_TARNAME=\"nhocr\" -DPACKAGE_VERSION=\"0.22\" -DPACKAGE_STRING=\"NHocr\ 0.22\" -DPACKAGE_BUGREPORT=\"http://www.imglab.org/\" -DPACKAGE_URL=\"\" -DPACKAGE=\"nhocr\" -DVERSION=\"0.22\" -DHAVE_LIBGRAMDCLIENT=1'
DEPDIR='.deps'
ECHO_C=''
ECHO_N='-n'
ECHO_T=''
EXEEXT=''
INSTALL_DATA='${INSTALL} -m 644'
INSTALL_PROGRAM='${INSTALL}'
INSTALL_SCRIPT='${INSTALL}'
INSTALL_STRIP_PROGRAM='$(install_sh) -c -s'
LDFLAGS=''
LIBOBJS=''
LIBS=''
LTLIBOBJS=''
MAKEINFO='${SHELL} /home/hgot/src/nhocr/nhocr-0.22/missing --run makeinfo'
MKDIR_P='/usr/bin/mkdir -p'
OBJEXT='o'
PACKAGE='nhocr'
PACKAGE_BUGREPORT='http://www.imglab.org/'
PACKAGE_NAME='NHocr'
PACKAGE_STRING='NHocr 0.22'
PACKAGE_TARNAME='nhocr'
PACKAGE_URL=''
PACKAGE_VERSION='0.22'
PATH_SEPARATOR=':'
RANLIB='ranlib'
SET_MAKE=''
SHELL='/bin/sh'
STRIP=''
VERSION='0.22'
XMKMF=''
X_CFLAGS=''
X_EXTRA_LIBS=''
X_LIBS=''
X_PRE_LIBS=''
ac_ct_CC='gcc'
ac_ct_CXX='g++'
am__EXEEXT_FALSE=''
am__EXEEXT_TRUE='#'
am__fastdepCC_FALSE='#'
am__fastdepCC_TRUE=''
am__fastdepCXX_FALSE='#'
am__fastdepCXX_TRUE=''
am__include='include'
am__isrc=''
am__leading_dot='.'
am__nodep='_no'
am__quote=''
am__tar='$${TAR-tar} chof - "$$tardir"'
am__untar='$${TAR-tar} xf -'
bindir='${exec_prefix}/bin'
build_alias=''
datadir='${datarootdir}'
datarootdir='${prefix}/share'
docdir='${datarootdir}/doc/${PACKAGE_TARNAME}'
dvidir='${docdir}'
exec_prefix='${prefix}'
host_alias=''
htmldir='${docdir}'
includedir='${prefix}/include'
infodir='${datarootdir}/info'
install_sh='${SHELL} /home/hgot/src/nhocr/nhocr-0.22/install-sh'
libdir='${exec_prefix}/lib64'
libexecdir='${exec_prefix}/lib'
localedir='${datarootdir}/locale'
localstatedir='${prefix}/var'
mandir='${datarootdir}/man'
mkdir_p='/usr/bin/mkdir -p'
oldincludedir='/usr/include'
pdfdir='${docdir}'
prefix='/opt/nhocr/0.22'
program_transform_name='s,x,x,'
psdir='${docdir}'
sbindir='${exec_prefix}/sbin'
sharedstatedir='${prefix}/com'
sysconfdir='${prefix}/etc'
target_alias=''

## ----------- ##
## confdefs.h. ##
## ----------- ##

/* confdefs.h */
#define PACKAGE_NAME "NHocr"
#define PACKAGE_TARNAME "nhocr"
#define PACKAGE_VERSION "0.22"
#define PACKAGE_STRING "NHocr 0.22"
#define PACKAGE_BUGREPORT "http://www.imglab.org/"
#define PACKAGE_URL ""
#define PACKAGE "nhocr"
#define VERSION "0.22"
#define HAVE_LIBGRAMDCLIENT 1

configure: exit 0
